<?xml version="1.0" encoding="UTF-8"?>
<testsuite xmlns:xsi="http://www.w3.org/2001/XMLSchema-instance" xsi:noNamespaceSchemaLocation="https://maven.apache.org/surefire/maven-surefire-plugin/xsd/surefire-test-report-3.0.xsd" version="3.0" name="TestSuite" time="81.298" tests="13" errors="0" skipped="0" failures="5">
  <properties>
[...]
</properties>
  <testcase name="runScenario[&quot;User able to add the item to the card&quot;, &quot;User can add the product to cart&quot;](1)" classname="Runner.TestRunner" time="9.163">
    <system-out><![CDATA[
@Regression @smoke
Scenario: User able to add the item to the card                            # src/test/resources/feature/AddToCart.feature:3
***********Browser launched*****************
Chrome Browser launched
Naviagate to application
pageFactory method working
  Given User can search the book as "The Simple Wild" in header search bar # Stefdefination.SearchBook_SD.user_can_search_the_book_as_in_header_search_bar(java.lang.String)

    Embedding Screenshot for step [image/png 186305 bytes]

  When User click on the add to cart button on the search result           # Stefdefination.SearchBook_SD.user_click_on_the_add_to_cart_button_on_the_search_result()

    Embedding Screenshot for step [image/png 185983 bytes]

  And User can click the Cart icon (trolly icon) on the header             # Stefdefination.SearchBook_SD.user_can_click_the_cart_icon_trolly_icon_on_the_header()

    Embedding Screenshot for step [image/png 34459 bytes]

  Then Verify the book "The Simple Wild" title that added in the cart      # Stefdefination.SearchBook_SD.verify_the_book_title_that_added_in_the_cart(java.lang.String)

    Embedding Screenshot for step [image/png 87153 bytes]

  And User can clear the cart                                              # Stefdefination.SearchBook_SD.user_can_clear_the_cart()

    Embedding Screenshot for step [image/png 87850 bytes]

***********Browser closed*****************
]]></system-out>
    <system-err><![CDATA[SLF4J: No SLF4J providers were found.
SLF4J: Defaulting to no-operation (NOP) logger implementation
SLF4J: See https://www.slf4j.org/codes.html#noProviders for further details.
Starting ChromeDriver 120.0.6099.109 (3419140ab665596f21b385ce136419fde0924272-refs/branch-heads/6099@{#1483}) on port 52837
Only local connections are allowed.
Please see https://chromedriver.chromium.org/security-considerations for suggestions on keeping ChromeDriver safe.
ChromeDriver was started successfully.
Dec 20, 2023 11:21:21 PM org.openqa.selenium.remote.ProtocolHandshake createSession
INFO: Detected dialect: W3C
]]></system-err>
  </testcase>
  <testcase name="runScenario[&quot;Verify User can login the application then place the order with multiple item&quot;, &quot;Placing the order with multiple item&quot;](2)" classname="Runner.TestRunner" time="14.826">
    <system-out><![CDATA[
@Regression @RunNow
Scenario: Verify User can login the application then place the order with multiple item # src/test/resources/feature/PlaceOrder.feature:3
***********Browser launched*****************
Chrome Browser launched
Naviagate to application
pageFactory method working
  Given User can login the application                                                  # Stefdefination.PlaceOrder_SD.userCanLoginTheApplication()

    Embedding Screenshot for step [image/png 46470 bytes]

4
5
0
  When User can add the books into the cart                                             # Stefdefination.PlaceOrder_SD.userCanAddTheBooksIntoTheCart()

    Embedding Screenshot for step [image/png 1021937 bytes]

  And User can go to cart and checkout the added items                                  # Stefdefination.PlaceOrder_SD.userCanGoToCartAndCheckoutTheAddedItems()

    Embedding Screenshot for step [image/png 76873 bytes]

  And User can enter the shipping address and place the order                           # Stefdefination.PlaceOrder_SD.userCanEnterTheShippingAddressAndPlaceTheOrder()

    Embedding Screenshot for step [image/png 97844 bytes]

***********TBD************
  Then Verigy user get successfully message for placed order                            # Stefdefination.PlaceOrder_SD.verigyUserGetSuccessfullyMessageForPlacedOrder()

    Embedding Screenshot for step [image/png 97689 bytes]

***********Browser closed*****************
]]></system-out>
    <system-err><![CDATA[Starting ChromeDriver 120.0.6099.109 (3419140ab665596f21b385ce136419fde0924272-refs/branch-heads/6099@{#1483}) on port 26514
Only local connections are allowed.
Please see https://chromedriver.chromium.org/security-considerations for suggestions on keeping ChromeDriver safe.
ChromeDriver was started successfully.
Dec 20, 2023 11:21:30 PM org.openqa.selenium.remote.ProtocolHandshake createSession
INFO: Detected dialect: W3C
]]></system-err>
  </testcase>
  <testcase name="runScenario[&quot;Verify User can register sussessfully&quot;, &quot;Verify User register functionality&quot;](3)" classname="Runner.TestRunner" time="5.706">
    <failure message="element click intercepted: Element &lt;span class=&quot;mat-radio-inner-circle&quot; style=&quot;border:4px solid red&quot;&gt;&lt;/span&gt; is not clickable at point (584, 493). Other element would receive the click: &lt;span class=&quot;mat-radio-outer-circle&quot;&gt;&lt;/span&gt;&#10;  (Session info: chrome=120.0.6099.110)&#10;Build info: version: &apos;3.141.59&apos;, revision: &apos;e82be7d358&apos;, time: &apos;2018-11-14T08:17:03&apos;&#10;System info: host: &apos;VINOTHKUMARG&apos;, ip: &apos;192.168.1.7&apos;, os.name: &apos;Windows 11&apos;, os.arch: &apos;amd64&apos;, os.version: &apos;10.0&apos;, java.version: &apos;17.0.8&apos;&#10;Driver info: org.openqa.selenium.chrome.ChromeDriver&#10;Capabilities {acceptInsecureCerts: false, browserName: chrome, browserVersion: 120.0.6099.110, chrome: {chromedriverVersion: 120.0.6099.109 (3419140ab66..., userDataDir: C:\Users\vinot\AppData\Loca...}, fedcm:accounts: true, goog:chromeOptions: {debuggerAddress: localhost:53255}, javascriptEnabled: true, networkConnectionEnabled: false, pageLoadStrategy: normal, platform: WINDOWS, platformName: WINDOWS, proxy: Proxy(), setWindowRect: true, strictFileInteractability: false, timeouts: {implicit: 0, pageLoad: 300000, script: 30000}, unhandledPromptBehavior: dismiss and notify, webauthn:extension:credBlob: true, webauthn:extension:largeBlob: true, webauthn:extension:minPinLength: true, webauthn:extension:prf: true, webauthn:virtualAuthenticators: true}&#10;Session ID: c12bbd4fbd2103b49696f08aefc57e64" type="org.openqa.selenium.ElementClickInterceptedException"><![CDATA[org.openqa.selenium.ElementClickInterceptedException: 
element click intercepted: Element <span class="mat-radio-inner-circle" style="border:4px solid red"></span> is not clickable at point (584, 493). Other element would receive the click: <span class="mat-radio-outer-circle"></span>
  (Session info: chrome=120.0.6099.110)
Build info: version: '3.141.59', revision: 'e82be7d358', time: '2018-11-14T08:17:03'
System info: host: 'VINOTHKUMARG', ip: '192.168.1.7', os.name: 'Windows 11', os.arch: 'amd64', os.version: '10.0', java.version: '17.0.8'
Driver info: org.openqa.selenium.chrome.ChromeDriver
Capabilities {acceptInsecureCerts: false, browserName: chrome, browserVersion: 120.0.6099.110, chrome: {chromedriverVersion: 120.0.6099.109 (3419140ab66..., userDataDir: C:\Users\vinot\AppData\Loca...}, fedcm:accounts: true, goog:chromeOptions: {debuggerAddress: localhost:53255}, javascriptEnabled: true, networkConnectionEnabled: false, pageLoadStrategy: normal, platform: WINDOWS, platformName: WINDOWS, proxy: Proxy(), setWindowRect: true, strictFileInteractability: false, timeouts: {implicit: 0, pageLoad: 300000, script: 30000}, unhandledPromptBehavior: dismiss and notify, webauthn:extension:credBlob: true, webauthn:extension:largeBlob: true, webauthn:extension:minPinLength: true, webauthn:extension:prf: true, webauthn:virtualAuthenticators: true}
Session ID: c12bbd4fbd2103b49696f08aefc57e64
	at java.base/jdk.internal.reflect.NativeConstructorAccessorImpl.newInstance0(Native Method)
	at java.base/jdk.internal.reflect.NativeConstructorAccessorImpl.newInstance(NativeConstructorAccessorImpl.java:77)
	at java.base/jdk.internal.reflect.DelegatingConstructorAccessorImpl.newInstance(DelegatingConstructorAccessorImpl.java:45)
	at java.base/java.lang.reflect.Constructor.newInstanceWithCaller(Constructor.java:499)
	at java.base/java.lang.reflect.Constructor.newInstance(Constructor.java:480)
	at org.openqa.selenium.remote.http.W3CHttpResponseCodec.createException(W3CHttpResponseCodec.java:187)
	at org.openqa.selenium.remote.http.W3CHttpResponseCodec.decode(W3CHttpResponseCodec.java:122)
	at org.openqa.selenium.remote.http.W3CHttpResponseCodec.decode(W3CHttpResponseCodec.java:49)
	at org.openqa.selenium.remote.HttpCommandExecutor.execute(HttpCommandExecutor.java:158)
	at org.openqa.selenium.remote.service.DriverCommandExecutor.execute(DriverCommandExecutor.java:83)
	at org.openqa.selenium.remote.RemoteWebDriver.execute(RemoteWebDriver.java:552)
	at org.openqa.selenium.remote.RemoteWebElement.execute(RemoteWebElement.java:285)
	at org.openqa.selenium.remote.RemoteWebElement.click(RemoteWebElement.java:84)
	at java.base/jdk.internal.reflect.NativeMethodAccessorImpl.invoke0(Native Method)
	at java.base/jdk.internal.reflect.NativeMethodAccessorImpl.invoke(NativeMethodAccessorImpl.java:77)
	at java.base/jdk.internal.reflect.DelegatingMethodAccessorImpl.invoke(DelegatingMethodAccessorImpl.java:43)
	at java.base/java.lang.reflect.Method.invoke(Method.java:568)
	at org.openqa.selenium.support.pagefactory.internal.LocatingElementHandler.invoke(LocatingElementHandler.java:51)
	at jdk.proxy2/jdk.proxy2.$Proxy24.click(Unknown Source)
	at Pages.Registerpage.doRegisterUser(Registerpage.java:59)
	at Stefdefination.Register_SD.user_enter_the_and_click_register_button(Register_SD.java:35)
	at ✽.User enter the "eeeed4" "yyyyd4" "aabbbdyy12344" "Admin123" and click register button(file:///C:/Users/vinot/eclipse-workspace/Cucumber-7-BookCart/src/test/resources/feature/RegisterUser.feature:8)
]]></failure>
    <system-out><![CDATA[
@Regression
Scenario Outline: Verify User can register sussessfully                                      # src/test/resources/feature/RegisterUser.feature:13
***********Browser launched*****************
Chrome Browser launched
Naviagate to application
pageFactory method working
  Given User click on login link on header page                                              # Stefdefination.Login_SD.user_click_on_login_link_on_header_page()

    Embedding Screenshot for step [image/png 45467 bytes]

  And User click on register button in login page                                            # Stefdefination.Register_SD.user_click_on_register_button_in_login_page()

    Embedding Screenshot for step [image/png 62683 bytes]

  When User enter the "eeeed4" "yyyyd4" "aabbbdyy12344" "Admin123" and click register button # Stefdefination.Register_SD.user_enter_the_and_click_register_button(java.lang.String,java.lang.String,java.lang.String,java.lang.String)
      org.openqa.selenium.ElementClickInterceptedException: element click intercepted: Element <span class="mat-radio-inner-circle" style="border:4px solid red"></span> is not clickable at point (584, 493). Other element would receive the click: <span class="mat-radio-outer-circle"></span>
  (Session info: chrome=120.0.6099.110)
Build info: version: '3.141.59', revision: 'e82be7d358', time: '2018-11-14T08:17:03'
System info: host: 'VINOTHKUMARG', ip: '192.168.1.7', os.name: 'Windows 11', os.arch: 'amd64', os.version: '10.0', java.version: '17.0.8'
Driver info: org.openqa.selenium.chrome.ChromeDriver
Capabilities {acceptInsecureCerts: false, browserName: chrome, browserVersion: 120.0.6099.110, chrome: {chromedriverVersion: 120.0.6099.109 (3419140ab66..., userDataDir: C:\Users\vinot\AppData\Loca...}, fedcm:accounts: true, goog:chromeOptions: {debuggerAddress: localhost:53255}, javascriptEnabled: true, networkConnectionEnabled: false, pageLoadStrategy: normal, platform: WINDOWS, platformName: WINDOWS, proxy: Proxy(), setWindowRect: true, strictFileInteractability: false, timeouts: {implicit: 0, pageLoad: 300000, script: 30000}, unhandledPromptBehavior: dismiss and notify, webauthn:extension:credBlob: true, webauthn:extension:largeBlob: true, webauthn:extension:minPinLength: true, webauthn:extension:prf: true, webauthn:virtualAuthenticators: true}
Session ID: c12bbd4fbd2103b49696f08aefc57e64
	at java.base/jdk.internal.reflect.NativeConstructorAccessorImpl.newInstance0(Native Method)
	at java.base/jdk.internal.reflect.NativeConstructorAccessorImpl.newInstance(NativeConstructorAccessorImpl.java:77)
	at java.base/jdk.internal.reflect.DelegatingConstructorAccessorImpl.newInstance(DelegatingConstructorAccessorImpl.java:45)
	at java.base/java.lang.reflect.Constructor.newInstanceWithCaller(Constructor.java:499)
	at java.base/java.lang.reflect.Constructor.newInstance(Constructor.java:480)
	at org.openqa.selenium.remote.http.W3CHttpResponseCodec.createException(W3CHttpResponseCodec.java:187)
	at org.openqa.selenium.remote.http.W3CHttpResponseCodec.decode(W3CHttpResponseCodec.java:122)
	at org.openqa.selenium.remote.http.W3CHttpResponseCodec.decode(W3CHttpResponseCodec.java:49)
	at org.openqa.selenium.remote.HttpCommandExecutor.execute(HttpCommandExecutor.java:158)
	at org.openqa.selenium.remote.service.DriverCommandExecutor.execute(DriverCommandExecutor.java:83)
	at org.openqa.selenium.remote.RemoteWebDriver.execute(RemoteWebDriver.java:552)
	at org.openqa.selenium.remote.RemoteWebElement.execute(RemoteWebElement.java:285)
	at org.openqa.selenium.remote.RemoteWebElement.click(RemoteWebElement.java:84)
	at java.base/jdk.internal.reflect.NativeMethodAccessorImpl.invoke0(Native Method)
	at java.base/jdk.internal.reflect.NativeMethodAccessorImpl.invoke(NativeMethodAccessorImpl.java:77)
	at java.base/jdk.internal.reflect.DelegatingMethodAccessorImpl.invoke(DelegatingMethodAccessorImpl.java:43)
	at java.base/java.lang.reflect.Method.invoke(Method.java:568)
	at org.openqa.selenium.support.pagefactory.internal.LocatingElementHandler.invoke(LocatingElementHandler.java:51)
	at jdk.proxy2/jdk.proxy2.$Proxy24.click(Unknown Source)
	at Pages.Registerpage.doRegisterUser(Registerpage.java:59)
	at Stefdefination.Register_SD.user_enter_the_and_click_register_button(Register_SD.java:35)
	at âœ½.User enter the "eeeed4" "yyyyd4" "aabbbdyy12344" "Admin123" and click register button(file:///C:/Users/vinot/eclipse-workspace/Cucumber-7-BookCart/src/test/resources/feature/RegisterUser.feature:8)


    Embedding Screenshot for step [image/png 71265 bytes]

  Then Verify user register successgully                                                     # Stefdefination.Register_SD.verify_user_register_successgully()
***********Browser closed*****************
]]></system-out>
    <system-err><![CDATA[Starting ChromeDriver 120.0.6099.109 (3419140ab665596f21b385ce136419fde0924272-refs/branch-heads/6099@{#1483}) on port 59463
Only local connections are allowed.
Please see https://chromedriver.chromium.org/security-considerations for suggestions on keeping ChromeDriver safe.
ChromeDriver was started successfully.
Dec 20, 2023 11:21:44 PM org.openqa.selenium.remote.ProtocolHandshake createSession
INFO: Detected dialect: W3C
]]></system-err>
  </testcase>
  <testcase name="runScenario[&quot;Verify User can register sussessfully&quot;, &quot;Verify User register functionality&quot;](4)" classname="Runner.TestRunner" time="5.126">
    <failure message="element click intercepted: Element &lt;span class=&quot;mat-radio-inner-circle&quot; style=&quot;border:4px solid red&quot;&gt;&lt;/span&gt; is not clickable at point (584, 493). Other element would receive the click: &lt;span class=&quot;mat-radio-outer-circle&quot;&gt;&lt;/span&gt;&#10;  (Session info: chrome=120.0.6099.110)&#10;Build info: version: &apos;3.141.59&apos;, revision: &apos;e82be7d358&apos;, time: &apos;2018-11-14T08:17:03&apos;&#10;System info: host: &apos;VINOTHKUMARG&apos;, ip: &apos;192.168.1.7&apos;, os.name: &apos;Windows 11&apos;, os.arch: &apos;amd64&apos;, os.version: &apos;10.0&apos;, java.version: &apos;17.0.8&apos;&#10;Driver info: org.openqa.selenium.chrome.ChromeDriver&#10;Capabilities {acceptInsecureCerts: false, browserName: chrome, browserVersion: 120.0.6099.110, chrome: {chromedriverVersion: 120.0.6099.109 (3419140ab66..., userDataDir: C:\Users\vinot\AppData\Loca...}, fedcm:accounts: true, goog:chromeOptions: {debuggerAddress: localhost:53282}, javascriptEnabled: true, networkConnectionEnabled: false, pageLoadStrategy: normal, platform: WINDOWS, platformName: WINDOWS, proxy: Proxy(), setWindowRect: true, strictFileInteractability: false, timeouts: {implicit: 0, pageLoad: 300000, script: 30000}, unhandledPromptBehavior: dismiss and notify, webauthn:extension:credBlob: true, webauthn:extension:largeBlob: true, webauthn:extension:minPinLength: true, webauthn:extension:prf: true, webauthn:virtualAuthenticators: true}&#10;Session ID: 4d941b33f21b3d0894fa19afcf1a5626" type="org.openqa.selenium.ElementClickInterceptedException"><![CDATA[org.openqa.selenium.ElementClickInterceptedException: 
element click intercepted: Element <span class="mat-radio-inner-circle" style="border:4px solid red"></span> is not clickable at point (584, 493). Other element would receive the click: <span class="mat-radio-outer-circle"></span>
  (Session info: chrome=120.0.6099.110)
Build info: version: '3.141.59', revision: 'e82be7d358', time: '2018-11-14T08:17:03'
System info: host: 'VINOTHKUMARG', ip: '192.168.1.7', os.name: 'Windows 11', os.arch: 'amd64', os.version: '10.0', java.version: '17.0.8'
Driver info: org.openqa.selenium.chrome.ChromeDriver
Capabilities {acceptInsecureCerts: false, browserName: chrome, browserVersion: 120.0.6099.110, chrome: {chromedriverVersion: 120.0.6099.109 (3419140ab66..., userDataDir: C:\Users\vinot\AppData\Loca...}, fedcm:accounts: true, goog:chromeOptions: {debuggerAddress: localhost:53282}, javascriptEnabled: true, networkConnectionEnabled: false, pageLoadStrategy: normal, platform: WINDOWS, platformName: WINDOWS, proxy: Proxy(), setWindowRect: true, strictFileInteractability: false, timeouts: {implicit: 0, pageLoad: 300000, script: 30000}, unhandledPromptBehavior: dismiss and notify, webauthn:extension:credBlob: true, webauthn:extension:largeBlob: true, webauthn:extension:minPinLength: true, webauthn:extension:prf: true, webauthn:virtualAuthenticators: true}
Session ID: 4d941b33f21b3d0894fa19afcf1a5626
	at java.base/jdk.internal.reflect.NativeConstructorAccessorImpl.newInstance0(Native Method)
	at java.base/jdk.internal.reflect.NativeConstructorAccessorImpl.newInstance(NativeConstructorAccessorImpl.java:77)
	at java.base/jdk.internal.reflect.DelegatingConstructorAccessorImpl.newInstance(DelegatingConstructorAccessorImpl.java:45)
	at java.base/java.lang.reflect.Constructor.newInstanceWithCaller(Constructor.java:499)
	at java.base/java.lang.reflect.Constructor.newInstance(Constructor.java:480)
	at org.openqa.selenium.remote.http.W3CHttpResponseCodec.createException(W3CHttpResponseCodec.java:187)
	at org.openqa.selenium.remote.http.W3CHttpResponseCodec.decode(W3CHttpResponseCodec.java:122)
	at org.openqa.selenium.remote.http.W3CHttpResponseCodec.decode(W3CHttpResponseCodec.java:49)
	at org.openqa.selenium.remote.HttpCommandExecutor.execute(HttpCommandExecutor.java:158)
	at org.openqa.selenium.remote.service.DriverCommandExecutor.execute(DriverCommandExecutor.java:83)
	at org.openqa.selenium.remote.RemoteWebDriver.execute(RemoteWebDriver.java:552)
	at org.openqa.selenium.remote.RemoteWebElement.execute(RemoteWebElement.java:285)
	at org.openqa.selenium.remote.RemoteWebElement.click(RemoteWebElement.java:84)
	at java.base/jdk.internal.reflect.NativeMethodAccessorImpl.invoke0(Native Method)
	at java.base/jdk.internal.reflect.NativeMethodAccessorImpl.invoke(NativeMethodAccessorImpl.java:77)
	at java.base/jdk.internal.reflect.DelegatingMethodAccessorImpl.invoke(DelegatingMethodAccessorImpl.java:43)
	at java.base/java.lang.reflect.Method.invoke(Method.java:568)
	at org.openqa.selenium.support.pagefactory.internal.LocatingElementHandler.invoke(LocatingElementHandler.java:51)
	at jdk.proxy2/jdk.proxy2.$Proxy24.click(Unknown Source)
	at Pages.Registerpage.doRegisterUser(Registerpage.java:59)
	at Stefdefination.Register_SD.user_enter_the_and_click_register_button(Register_SD.java:35)
	at ✽.User enter the "eeeed2" "yyyyd2" "aabbbdyy12342" "Admin123" and click register button(file:///C:/Users/vinot/eclipse-workspace/Cucumber-7-BookCart/src/test/resources/feature/RegisterUser.feature:8)
]]></failure>
    <system-out><![CDATA[
@Regression
Scenario Outline: Verify User can register sussessfully                                      # src/test/resources/feature/RegisterUser.feature:14
***********Browser launched*****************
Chrome Browser launched
Naviagate to application
pageFactory method working
  Given User click on login link on header page                                              # Stefdefination.Login_SD.user_click_on_login_link_on_header_page()

    Embedding Screenshot for step [image/png 45428 bytes]

  And User click on register button in login page                                            # Stefdefination.Register_SD.user_click_on_register_button_in_login_page()

    Embedding Screenshot for step [image/png 62674 bytes]

  When User enter the "eeeed2" "yyyyd2" "aabbbdyy12342" "Admin123" and click register button # Stefdefination.Register_SD.user_enter_the_and_click_register_button(java.lang.String,java.lang.String,java.lang.String,java.lang.String)
      org.openqa.selenium.ElementClickInterceptedException: element click intercepted: Element <span class="mat-radio-inner-circle" style="border:4px solid red"></span> is not clickable at point (584, 493). Other element would receive the click: <span class="mat-radio-outer-circle"></span>
  (Session info: chrome=120.0.6099.110)
Build info: version: '3.141.59', revision: 'e82be7d358', time: '2018-11-14T08:17:03'
System info: host: 'VINOTHKUMARG', ip: '192.168.1.7', os.name: 'Windows 11', os.arch: 'amd64', os.version: '10.0', java.version: '17.0.8'
Driver info: org.openqa.selenium.chrome.ChromeDriver
Capabilities {acceptInsecureCerts: false, browserName: chrome, browserVersion: 120.0.6099.110, chrome: {chromedriverVersion: 120.0.6099.109 (3419140ab66..., userDataDir: C:\Users\vinot\AppData\Loca...}, fedcm:accounts: true, goog:chromeOptions: {debuggerAddress: localhost:53282}, javascriptEnabled: true, networkConnectionEnabled: false, pageLoadStrategy: normal, platform: WINDOWS, platformName: WINDOWS, proxy: Proxy(), setWindowRect: true, strictFileInteractability: false, timeouts: {implicit: 0, pageLoad: 300000, script: 30000}, unhandledPromptBehavior: dismiss and notify, webauthn:extension:credBlob: true, webauthn:extension:largeBlob: true, webauthn:extension:minPinLength: true, webauthn:extension:prf: true, webauthn:virtualAuthenticators: true}
Session ID: 4d941b33f21b3d0894fa19afcf1a5626
	at java.base/jdk.internal.reflect.NativeConstructorAccessorImpl.newInstance0(Native Method)
	at java.base/jdk.internal.reflect.NativeConstructorAccessorImpl.newInstance(NativeConstructorAccessorImpl.java:77)
	at java.base/jdk.internal.reflect.DelegatingConstructorAccessorImpl.newInstance(DelegatingConstructorAccessorImpl.java:45)
	at java.base/java.lang.reflect.Constructor.newInstanceWithCaller(Constructor.java:499)
	at java.base/java.lang.reflect.Constructor.newInstance(Constructor.java:480)
	at org.openqa.selenium.remote.http.W3CHttpResponseCodec.createException(W3CHttpResponseCodec.java:187)
	at org.openqa.selenium.remote.http.W3CHttpResponseCodec.decode(W3CHttpResponseCodec.java:122)
	at org.openqa.selenium.remote.http.W3CHttpResponseCodec.decode(W3CHttpResponseCodec.java:49)
	at org.openqa.selenium.remote.HttpCommandExecutor.execute(HttpCommandExecutor.java:158)
	at org.openqa.selenium.remote.service.DriverCommandExecutor.execute(DriverCommandExecutor.java:83)
	at org.openqa.selenium.remote.RemoteWebDriver.execute(RemoteWebDriver.java:552)
	at org.openqa.selenium.remote.RemoteWebElement.execute(RemoteWebElement.java:285)
	at org.openqa.selenium.remote.RemoteWebElement.click(RemoteWebElement.java:84)
	at java.base/jdk.internal.reflect.NativeMethodAccessorImpl.invoke0(Native Method)
	at java.base/jdk.internal.reflect.NativeMethodAccessorImpl.invoke(NativeMethodAccessorImpl.java:77)
	at java.base/jdk.internal.reflect.DelegatingMethodAccessorImpl.invoke(DelegatingMethodAccessorImpl.java:43)
	at java.base/java.lang.reflect.Method.invoke(Method.java:568)
	at org.openqa.selenium.support.pagefactory.internal.LocatingElementHandler.invoke(LocatingElementHandler.java:51)
	at jdk.proxy2/jdk.proxy2.$Proxy24.click(Unknown Source)
	at Pages.Registerpage.doRegisterUser(Registerpage.java:59)
	at Stefdefination.Register_SD.user_enter_the_and_click_register_button(Register_SD.java:35)
	at âœ½.User enter the "eeeed2" "yyyyd2" "aabbbdyy12342" "Admin123" and click register button(file:///C:/Users/vinot/eclipse-workspace/Cucumber-7-BookCart/src/test/resources/feature/RegisterUser.feature:8)


    Embedding Screenshot for step [image/png 71449 bytes]

  Then Verify user register successgully                                                     # Stefdefination.Register_SD.verify_user_register_successgully()
***********Browser closed*****************
]]></system-out>
    <system-err><![CDATA[Starting ChromeDriver 120.0.6099.109 (3419140ab665596f21b385ce136419fde0924272-refs/branch-heads/6099@{#1483}) on port 30951
Only local connections are allowed.
Please see https://chromedriver.chromium.org/security-considerations for suggestions on keeping ChromeDriver safe.
ChromeDriver was started successfully.
Dec 20, 2023 11:21:50 PM org.openqa.selenium.remote.ProtocolHandshake createSession
INFO: Detected dialect: W3C
]]></system-err>
  </testcase>
  <testcase name="runScenario[&quot;Verify User can register sussessfully&quot;, &quot;Verify User register functionality&quot;](5)" classname="Runner.TestRunner" time="4.75">
    <failure message="element click intercepted: Element &lt;span class=&quot;mat-radio-inner-circle&quot; style=&quot;border:4px solid red&quot;&gt;&lt;/span&gt; is not clickable at point (584, 493). Other element would receive the click: &lt;span class=&quot;mat-radio-outer-circle&quot;&gt;&lt;/span&gt;&#10;  (Session info: chrome=120.0.6099.110)&#10;Build info: version: &apos;3.141.59&apos;, revision: &apos;e82be7d358&apos;, time: &apos;2018-11-14T08:17:03&apos;&#10;System info: host: &apos;VINOTHKUMARG&apos;, ip: &apos;192.168.1.7&apos;, os.name: &apos;Windows 11&apos;, os.arch: &apos;amd64&apos;, os.version: &apos;10.0&apos;, java.version: &apos;17.0.8&apos;&#10;Driver info: org.openqa.selenium.chrome.ChromeDriver&#10;Capabilities {acceptInsecureCerts: false, browserName: chrome, browserVersion: 120.0.6099.110, chrome: {chromedriverVersion: 120.0.6099.109 (3419140ab66..., userDataDir: C:\Users\vinot\AppData\Loca...}, fedcm:accounts: true, goog:chromeOptions: {debuggerAddress: localhost:53309}, javascriptEnabled: true, networkConnectionEnabled: false, pageLoadStrategy: normal, platform: WINDOWS, platformName: WINDOWS, proxy: Proxy(), setWindowRect: true, strictFileInteractability: false, timeouts: {implicit: 0, pageLoad: 300000, script: 30000}, unhandledPromptBehavior: dismiss and notify, webauthn:extension:credBlob: true, webauthn:extension:largeBlob: true, webauthn:extension:minPinLength: true, webauthn:extension:prf: true, webauthn:virtualAuthenticators: true}&#10;Session ID: 908a27ad450ab3c5e73e7014bdc10b59" type="org.openqa.selenium.ElementClickInterceptedException"><![CDATA[org.openqa.selenium.ElementClickInterceptedException: 
element click intercepted: Element <span class="mat-radio-inner-circle" style="border:4px solid red"></span> is not clickable at point (584, 493). Other element would receive the click: <span class="mat-radio-outer-circle"></span>
  (Session info: chrome=120.0.6099.110)
Build info: version: '3.141.59', revision: 'e82be7d358', time: '2018-11-14T08:17:03'
System info: host: 'VINOTHKUMARG', ip: '192.168.1.7', os.name: 'Windows 11', os.arch: 'amd64', os.version: '10.0', java.version: '17.0.8'
Driver info: org.openqa.selenium.chrome.ChromeDriver
Capabilities {acceptInsecureCerts: false, browserName: chrome, browserVersion: 120.0.6099.110, chrome: {chromedriverVersion: 120.0.6099.109 (3419140ab66..., userDataDir: C:\Users\vinot\AppData\Loca...}, fedcm:accounts: true, goog:chromeOptions: {debuggerAddress: localhost:53309}, javascriptEnabled: true, networkConnectionEnabled: false, pageLoadStrategy: normal, platform: WINDOWS, platformName: WINDOWS, proxy: Proxy(), setWindowRect: true, strictFileInteractability: false, timeouts: {implicit: 0, pageLoad: 300000, script: 30000}, unhandledPromptBehavior: dismiss and notify, webauthn:extension:credBlob: true, webauthn:extension:largeBlob: true, webauthn:extension:minPinLength: true, webauthn:extension:prf: true, webauthn:virtualAuthenticators: true}
Session ID: 908a27ad450ab3c5e73e7014bdc10b59
	at java.base/jdk.internal.reflect.NativeConstructorAccessorImpl.newInstance0(Native Method)
	at java.base/jdk.internal.reflect.NativeConstructorAccessorImpl.newInstance(NativeConstructorAccessorImpl.java:77)
	at java.base/jdk.internal.reflect.DelegatingConstructorAccessorImpl.newInstance(DelegatingConstructorAccessorImpl.java:45)
	at java.base/java.lang.reflect.Constructor.newInstanceWithCaller(Constructor.java:499)
	at java.base/java.lang.reflect.Constructor.newInstance(Constructor.java:480)
	at org.openqa.selenium.remote.http.W3CHttpResponseCodec.createException(W3CHttpResponseCodec.java:187)
	at org.openqa.selenium.remote.http.W3CHttpResponseCodec.decode(W3CHttpResponseCodec.java:122)
	at org.openqa.selenium.remote.http.W3CHttpResponseCodec.decode(W3CHttpResponseCodec.java:49)
	at org.openqa.selenium.remote.HttpCommandExecutor.execute(HttpCommandExecutor.java:158)
	at org.openqa.selenium.remote.service.DriverCommandExecutor.execute(DriverCommandExecutor.java:83)
	at org.openqa.selenium.remote.RemoteWebDriver.execute(RemoteWebDriver.java:552)
	at org.openqa.selenium.remote.RemoteWebElement.execute(RemoteWebElement.java:285)
	at org.openqa.selenium.remote.RemoteWebElement.click(RemoteWebElement.java:84)
	at java.base/jdk.internal.reflect.NativeMethodAccessorImpl.invoke0(Native Method)
	at java.base/jdk.internal.reflect.NativeMethodAccessorImpl.invoke(NativeMethodAccessorImpl.java:77)
	at java.base/jdk.internal.reflect.DelegatingMethodAccessorImpl.invoke(DelegatingMethodAccessorImpl.java:43)
	at java.base/java.lang.reflect.Method.invoke(Method.java:568)
	at org.openqa.selenium.support.pagefactory.internal.LocatingElementHandler.invoke(LocatingElementHandler.java:51)
	at jdk.proxy2/jdk.proxy2.$Proxy24.click(Unknown Source)
	at Pages.Registerpage.doRegisterUser(Registerpage.java:59)
	at Stefdefination.Register_SD.user_enter_the_and_click_register_button(Register_SD.java:35)
	at ✽.User enter the "eeeed3" "yyyyd3" "aabbbdyy12343" "Admin123" and click register button(file:///C:/Users/vinot/eclipse-workspace/Cucumber-7-BookCart/src/test/resources/feature/RegisterUser.feature:8)
]]></failure>
    <system-out><![CDATA[
@Regression
Scenario Outline: Verify User can register sussessfully                                      # src/test/resources/feature/RegisterUser.feature:15
***********Browser launched*****************
Chrome Browser launched
Naviagate to application
pageFactory method working
  Given User click on login link on header page                                              # Stefdefination.Login_SD.user_click_on_login_link_on_header_page()

    Embedding Screenshot for step [image/png 45426 bytes]

  And User click on register button in login page                                            # Stefdefination.Register_SD.user_click_on_register_button_in_login_page()

    Embedding Screenshot for step [image/png 62693 bytes]

  When User enter the "eeeed3" "yyyyd3" "aabbbdyy12343" "Admin123" and click register button # Stefdefination.Register_SD.user_enter_the_and_click_register_button(java.lang.String,java.lang.String,java.lang.String,java.lang.String)
      org.openqa.selenium.ElementClickInterceptedException: element click intercepted: Element <span class="mat-radio-inner-circle" style="border:4px solid red"></span> is not clickable at point (584, 493). Other element would receive the click: <span class="mat-radio-outer-circle"></span>
  (Session info: chrome=120.0.6099.110)
Build info: version: '3.141.59', revision: 'e82be7d358', time: '2018-11-14T08:17:03'
System info: host: 'VINOTHKUMARG', ip: '192.168.1.7', os.name: 'Windows 11', os.arch: 'amd64', os.version: '10.0', java.version: '17.0.8'
Driver info: org.openqa.selenium.chrome.ChromeDriver
Capabilities {acceptInsecureCerts: false, browserName: chrome, browserVersion: 120.0.6099.110, chrome: {chromedriverVersion: 120.0.6099.109 (3419140ab66..., userDataDir: C:\Users\vinot\AppData\Loca...}, fedcm:accounts: true, goog:chromeOptions: {debuggerAddress: localhost:53309}, javascriptEnabled: true, networkConnectionEnabled: false, pageLoadStrategy: normal, platform: WINDOWS, platformName: WINDOWS, proxy: Proxy(), setWindowRect: true, strictFileInteractability: false, timeouts: {implicit: 0, pageLoad: 300000, script: 30000}, unhandledPromptBehavior: dismiss and notify, webauthn:extension:credBlob: true, webauthn:extension:largeBlob: true, webauthn:extension:minPinLength: true, webauthn:extension:prf: true, webauthn:virtualAuthenticators: true}
Session ID: 908a27ad450ab3c5e73e7014bdc10b59
	at java.base/jdk.internal.reflect.NativeConstructorAccessorImpl.newInstance0(Native Method)
	at java.base/jdk.internal.reflect.NativeConstructorAccessorImpl.newInstance(NativeConstructorAccessorImpl.java:77)
	at java.base/jdk.internal.reflect.DelegatingConstructorAccessorImpl.newInstance(DelegatingConstructorAccessorImpl.java:45)
	at java.base/java.lang.reflect.Constructor.newInstanceWithCaller(Constructor.java:499)
	at java.base/java.lang.reflect.Constructor.newInstance(Constructor.java:480)
	at org.openqa.selenium.remote.http.W3CHttpResponseCodec.createException(W3CHttpResponseCodec.java:187)
	at org.openqa.selenium.remote.http.W3CHttpResponseCodec.decode(W3CHttpResponseCodec.java:122)
	at org.openqa.selenium.remote.http.W3CHttpResponseCodec.decode(W3CHttpResponseCodec.java:49)
	at org.openqa.selenium.remote.HttpCommandExecutor.execute(HttpCommandExecutor.java:158)
	at org.openqa.selenium.remote.service.DriverCommandExecutor.execute(DriverCommandExecutor.java:83)
	at org.openqa.selenium.remote.RemoteWebDriver.execute(RemoteWebDriver.java:552)
	at org.openqa.selenium.remote.RemoteWebElement.execute(RemoteWebElement.java:285)
	at org.openqa.selenium.remote.RemoteWebElement.click(RemoteWebElement.java:84)
	at java.base/jdk.internal.reflect.NativeMethodAccessorImpl.invoke0(Native Method)
	at java.base/jdk.internal.reflect.NativeMethodAccessorImpl.invoke(NativeMethodAccessorImpl.java:77)
	at java.base/jdk.internal.reflect.DelegatingMethodAccessorImpl.invoke(DelegatingMethodAccessorImpl.java:43)
	at java.base/java.lang.reflect.Method.invoke(Method.java:568)
	at org.openqa.selenium.support.pagefactory.internal.LocatingElementHandler.invoke(LocatingElementHandler.java:51)
	at jdk.proxy2/jdk.proxy2.$Proxy24.click(Unknown Source)
	at Pages.Registerpage.doRegisterUser(Registerpage.java:59)
	at Stefdefination.Register_SD.user_enter_the_and_click_register_button(Register_SD.java:35)
	at âœ½.User enter the "eeeed3" "yyyyd3" "aabbbdyy12343" "Admin123" and click register button(file:///C:/Users/vinot/eclipse-workspace/Cucumber-7-BookCart/src/test/resources/feature/RegisterUser.feature:8)


    Embedding Screenshot for step [image/png 69186 bytes]

  Then Verify user register successgully                                                     # Stefdefination.Register_SD.verify_user_register_successgully()
***********Browser closed*****************
]]></system-out>
    <system-err><![CDATA[Starting ChromeDriver 120.0.6099.109 (3419140ab665596f21b385ce136419fde0924272-refs/branch-heads/6099@{#1483}) on port 47147
Only local connections are allowed.
Please see https://chromedriver.chromium.org/security-considerations for suggestions on keeping ChromeDriver safe.
ChromeDriver was started successfully.
Dec 20, 2023 11:21:55 PM org.openqa.selenium.remote.ProtocolHandshake createSession
INFO: Detected dialect: W3C
]]></system-err>
  </testcase>
  <testcase name="runScenario[&quot;Verify User can register sussessfully with random data&quot;, &quot;Verify User register functionality&quot;](6)" classname="Runner.TestRunner" time="4.787">
    <failure message="element click intercepted: Element &lt;span class=&quot;mat-radio-inner-circle&quot; style=&quot;border:4px solid red&quot;&gt;&lt;/span&gt; is not clickable at point (584, 493). Other element would receive the click: &lt;span class=&quot;mat-radio-outer-circle&quot;&gt;&lt;/span&gt;&#10;  (Session info: chrome=120.0.6099.110)&#10;Build info: version: &apos;3.141.59&apos;, revision: &apos;e82be7d358&apos;, time: &apos;2018-11-14T08:17:03&apos;&#10;System info: host: &apos;VINOTHKUMARG&apos;, ip: &apos;192.168.1.7&apos;, os.name: &apos;Windows 11&apos;, os.arch: &apos;amd64&apos;, os.version: &apos;10.0&apos;, java.version: &apos;17.0.8&apos;&#10;Driver info: org.openqa.selenium.chrome.ChromeDriver&#10;Capabilities {acceptInsecureCerts: false, browserName: chrome, browserVersion: 120.0.6099.110, chrome: {chromedriverVersion: 120.0.6099.109 (3419140ab66..., userDataDir: C:\Users\vinot\AppData\Loca...}, fedcm:accounts: true, goog:chromeOptions: {debuggerAddress: localhost:53335}, javascriptEnabled: true, networkConnectionEnabled: false, pageLoadStrategy: normal, platform: WINDOWS, platformName: WINDOWS, proxy: Proxy(), setWindowRect: true, strictFileInteractability: false, timeouts: {implicit: 0, pageLoad: 300000, script: 30000}, unhandledPromptBehavior: dismiss and notify, webauthn:extension:credBlob: true, webauthn:extension:largeBlob: true, webauthn:extension:minPinLength: true, webauthn:extension:prf: true, webauthn:virtualAuthenticators: true}&#10;Session ID: 3fa030d7ac6cdbdd8fc15a5f98dffec2" type="org.openqa.selenium.ElementClickInterceptedException"><![CDATA[org.openqa.selenium.ElementClickInterceptedException: 
element click intercepted: Element <span class="mat-radio-inner-circle" style="border:4px solid red"></span> is not clickable at point (584, 493). Other element would receive the click: <span class="mat-radio-outer-circle"></span>
  (Session info: chrome=120.0.6099.110)
Build info: version: '3.141.59', revision: 'e82be7d358', time: '2018-11-14T08:17:03'
System info: host: 'VINOTHKUMARG', ip: '192.168.1.7', os.name: 'Windows 11', os.arch: 'amd64', os.version: '10.0', java.version: '17.0.8'
Driver info: org.openqa.selenium.chrome.ChromeDriver
Capabilities {acceptInsecureCerts: false, browserName: chrome, browserVersion: 120.0.6099.110, chrome: {chromedriverVersion: 120.0.6099.109 (3419140ab66..., userDataDir: C:\Users\vinot\AppData\Loca...}, fedcm:accounts: true, goog:chromeOptions: {debuggerAddress: localhost:53335}, javascriptEnabled: true, networkConnectionEnabled: false, pageLoadStrategy: normal, platform: WINDOWS, platformName: WINDOWS, proxy: Proxy(), setWindowRect: true, strictFileInteractability: false, timeouts: {implicit: 0, pageLoad: 300000, script: 30000}, unhandledPromptBehavior: dismiss and notify, webauthn:extension:credBlob: true, webauthn:extension:largeBlob: true, webauthn:extension:minPinLength: true, webauthn:extension:prf: true, webauthn:virtualAuthenticators: true}
Session ID: 3fa030d7ac6cdbdd8fc15a5f98dffec2
	at java.base/jdk.internal.reflect.NativeConstructorAccessorImpl.newInstance0(Native Method)
	at java.base/jdk.internal.reflect.NativeConstructorAccessorImpl.newInstance(NativeConstructorAccessorImpl.java:77)
	at java.base/jdk.internal.reflect.DelegatingConstructorAccessorImpl.newInstance(DelegatingConstructorAccessorImpl.java:45)
	at java.base/java.lang.reflect.Constructor.newInstanceWithCaller(Constructor.java:499)
	at java.base/java.lang.reflect.Constructor.newInstance(Constructor.java:480)
	at org.openqa.selenium.remote.http.W3CHttpResponseCodec.createException(W3CHttpResponseCodec.java:187)
	at org.openqa.selenium.remote.http.W3CHttpResponseCodec.decode(W3CHttpResponseCodec.java:122)
	at org.openqa.selenium.remote.http.W3CHttpResponseCodec.decode(W3CHttpResponseCodec.java:49)
	at org.openqa.selenium.remote.HttpCommandExecutor.execute(HttpCommandExecutor.java:158)
	at org.openqa.selenium.remote.service.DriverCommandExecutor.execute(DriverCommandExecutor.java:83)
	at org.openqa.selenium.remote.RemoteWebDriver.execute(RemoteWebDriver.java:552)
	at org.openqa.selenium.remote.RemoteWebElement.execute(RemoteWebElement.java:285)
	at org.openqa.selenium.remote.RemoteWebElement.click(RemoteWebElement.java:84)
	at jdk.internal.reflect.GeneratedMethodAccessor66.invoke(Unknown Source)
	at java.base/jdk.internal.reflect.DelegatingMethodAccessorImpl.invoke(DelegatingMethodAccessorImpl.java:43)
	at java.base/java.lang.reflect.Method.invoke(Method.java:568)
	at org.openqa.selenium.support.pagefactory.internal.LocatingElementHandler.invoke(LocatingElementHandler.java:51)
	at jdk.proxy2/jdk.proxy2.$Proxy24.click(Unknown Source)
	at Pages.Registerpage.doRegisterUser(Registerpage.java:59)
	at Stefdefination.Register_SD.user_enter_the_first_name_last_name_user_name_and_password_as_random_data_and_click_register_button(Register_SD.java:53)
	at ✽.User enter the first name last name user name and password as random data and click register button(file:///C:/Users/vinot/eclipse-workspace/Cucumber-7-BookCart/src/test/resources/feature/RegisterUser.feature:21)
]]></failure>
    <system-out><![CDATA[
Scenario: Verify User can register sussessfully with random data                                           # src/test/resources/feature/RegisterUser.feature:18
***********Browser launched*****************
Chrome Browser launched
Naviagate to application
pageFactory method working
  Given User click on login link on header page                                                            # Stefdefination.Login_SD.user_click_on_login_link_on_header_page()

    Embedding Screenshot for step [image/png 45449 bytes]

  And User click on register button in login page                                                          # Stefdefination.Register_SD.user_click_on_register_button_in_login_page()

    Embedding Screenshot for step [image/png 62680 bytes]

cacHylqWpf
tntpoCSJSn
uEwdnexgXT
  When User enter the first name last name user name and password as random data and click register button # Stefdefination.Register_SD.user_enter_the_first_name_last_name_user_name_and_password_as_random_data_and_click_register_button()
      org.openqa.selenium.ElementClickInterceptedException: element click intercepted: Element <span class="mat-radio-inner-circle" style="border:4px solid red"></span> is not clickable at point (584, 493). Other element would receive the click: <span class="mat-radio-outer-circle"></span>
  (Session info: chrome=120.0.6099.110)
Build info: version: '3.141.59', revision: 'e82be7d358', time: '2018-11-14T08:17:03'
System info: host: 'VINOTHKUMARG', ip: '192.168.1.7', os.name: 'Windows 11', os.arch: 'amd64', os.version: '10.0', java.version: '17.0.8'
Driver info: org.openqa.selenium.chrome.ChromeDriver
Capabilities {acceptInsecureCerts: false, browserName: chrome, browserVersion: 120.0.6099.110, chrome: {chromedriverVersion: 120.0.6099.109 (3419140ab66..., userDataDir: C:\Users\vinot\AppData\Loca...}, fedcm:accounts: true, goog:chromeOptions: {debuggerAddress: localhost:53335}, javascriptEnabled: true, networkConnectionEnabled: false, pageLoadStrategy: normal, platform: WINDOWS, platformName: WINDOWS, proxy: Proxy(), setWindowRect: true, strictFileInteractability: false, timeouts: {implicit: 0, pageLoad: 300000, script: 30000}, unhandledPromptBehavior: dismiss and notify, webauthn:extension:credBlob: true, webauthn:extension:largeBlob: true, webauthn:extension:minPinLength: true, webauthn:extension:prf: true, webauthn:virtualAuthenticators: true}
Session ID: 3fa030d7ac6cdbdd8fc15a5f98dffec2
	at java.base/jdk.internal.reflect.NativeConstructorAccessorImpl.newInstance0(Native Method)
	at java.base/jdk.internal.reflect.NativeConstructorAccessorImpl.newInstance(NativeConstructorAccessorImpl.java:77)
	at java.base/jdk.internal.reflect.DelegatingConstructorAccessorImpl.newInstance(DelegatingConstructorAccessorImpl.java:45)
	at java.base/java.lang.reflect.Constructor.newInstanceWithCaller(Constructor.java:499)
	at java.base/java.lang.reflect.Constructor.newInstance(Constructor.java:480)
	at org.openqa.selenium.remote.http.W3CHttpResponseCodec.createException(W3CHttpResponseCodec.java:187)
	at org.openqa.selenium.remote.http.W3CHttpResponseCodec.decode(W3CHttpResponseCodec.java:122)
	at org.openqa.selenium.remote.http.W3CHttpResponseCodec.decode(W3CHttpResponseCodec.java:49)
	at org.openqa.selenium.remote.HttpCommandExecutor.execute(HttpCommandExecutor.java:158)
	at org.openqa.selenium.remote.service.DriverCommandExecutor.execute(DriverCommandExecutor.java:83)
	at org.openqa.selenium.remote.RemoteWebDriver.execute(RemoteWebDriver.java:552)
	at org.openqa.selenium.remote.RemoteWebElement.execute(RemoteWebElement.java:285)
	at org.openqa.selenium.remote.RemoteWebElement.click(RemoteWebElement.java:84)
	at jdk.internal.reflect.GeneratedMethodAccessor66.invoke(Unknown Source)
	at java.base/jdk.internal.reflect.DelegatingMethodAccessorImpl.invoke(DelegatingMethodAccessorImpl.java:43)
	at java.base/java.lang.reflect.Method.invoke(Method.java:568)
	at org.openqa.selenium.support.pagefactory.internal.LocatingElementHandler.invoke(LocatingElementHandler.java:51)
	at jdk.proxy2/jdk.proxy2.$Proxy24.click(Unknown Source)
	at Pages.Registerpage.doRegisterUser(Registerpage.java:59)
	at Stefdefination.Register_SD.user_enter_the_first_name_last_name_user_name_and_password_as_random_data_and_click_register_button(Register_SD.java:53)
	at âœ½.User enter the first name last name user name and password as random data and click register button(file:///C:/Users/vinot/eclipse-workspace/Cucumber-7-BookCart/src/test/resources/feature/RegisterUser.feature:21)


    Embedding Screenshot for step [image/png 68926 bytes]

  Then Verify user register successgully                                                                   # Stefdefination.Register_SD.verify_user_register_successgully()
***********Browser closed*****************
]]></system-out>
    <system-err><![CDATA[Starting ChromeDriver 120.0.6099.109 (3419140ab665596f21b385ce136419fde0924272-refs/branch-heads/6099@{#1483}) on port 18230
Only local connections are allowed.
Please see https://chromedriver.chromium.org/security-considerations for suggestions on keeping ChromeDriver safe.
ChromeDriver was started successfully.
Dec 20, 2023 11:22:00 PM org.openqa.selenium.remote.ProtocolHandshake createSession
INFO: Detected dialect: W3C
]]></system-err>
  </testcase>
  <testcase name="runScenario[&quot;Verify user able to create new User with data table&quot;, &quot;Verify User register functionality&quot;](7)" classname="Runner.TestRunner" time="4.731">
    <failure message="element click intercepted: Element &lt;span class=&quot;mat-radio-inner-circle&quot; style=&quot;border:4px solid red&quot;&gt;&lt;/span&gt; is not clickable at point (584, 493). Other element would receive the click: &lt;span class=&quot;mat-radio-outer-circle&quot;&gt;&lt;/span&gt;&#10;  (Session info: chrome=120.0.6099.110)&#10;Build info: version: &apos;3.141.59&apos;, revision: &apos;e82be7d358&apos;, time: &apos;2018-11-14T08:17:03&apos;&#10;System info: host: &apos;VINOTHKUMARG&apos;, ip: &apos;192.168.1.7&apos;, os.name: &apos;Windows 11&apos;, os.arch: &apos;amd64&apos;, os.version: &apos;10.0&apos;, java.version: &apos;17.0.8&apos;&#10;Driver info: org.openqa.selenium.chrome.ChromeDriver&#10;Capabilities {acceptInsecureCerts: false, browserName: chrome, browserVersion: 120.0.6099.110, chrome: {chromedriverVersion: 120.0.6099.109 (3419140ab66..., userDataDir: C:\Users\vinot\AppData\Loca...}, fedcm:accounts: true, goog:chromeOptions: {debuggerAddress: localhost:53361}, javascriptEnabled: true, networkConnectionEnabled: false, pageLoadStrategy: normal, platform: WINDOWS, platformName: WINDOWS, proxy: Proxy(), setWindowRect: true, strictFileInteractability: false, timeouts: {implicit: 0, pageLoad: 300000, script: 30000}, unhandledPromptBehavior: dismiss and notify, webauthn:extension:credBlob: true, webauthn:extension:largeBlob: true, webauthn:extension:minPinLength: true, webauthn:extension:prf: true, webauthn:virtualAuthenticators: true}&#10;Session ID: 6cff46dcff91a3082a525d3689abf871" type="org.openqa.selenium.ElementClickInterceptedException"><![CDATA[org.openqa.selenium.ElementClickInterceptedException: 
element click intercepted: Element <span class="mat-radio-inner-circle" style="border:4px solid red"></span> is not clickable at point (584, 493). Other element would receive the click: <span class="mat-radio-outer-circle"></span>
  (Session info: chrome=120.0.6099.110)
Build info: version: '3.141.59', revision: 'e82be7d358', time: '2018-11-14T08:17:03'
System info: host: 'VINOTHKUMARG', ip: '192.168.1.7', os.name: 'Windows 11', os.arch: 'amd64', os.version: '10.0', java.version: '17.0.8'
Driver info: org.openqa.selenium.chrome.ChromeDriver
Capabilities {acceptInsecureCerts: false, browserName: chrome, browserVersion: 120.0.6099.110, chrome: {chromedriverVersion: 120.0.6099.109 (3419140ab66..., userDataDir: C:\Users\vinot\AppData\Loca...}, fedcm:accounts: true, goog:chromeOptions: {debuggerAddress: localhost:53361}, javascriptEnabled: true, networkConnectionEnabled: false, pageLoadStrategy: normal, platform: WINDOWS, platformName: WINDOWS, proxy: Proxy(), setWindowRect: true, strictFileInteractability: false, timeouts: {implicit: 0, pageLoad: 300000, script: 30000}, unhandledPromptBehavior: dismiss and notify, webauthn:extension:credBlob: true, webauthn:extension:largeBlob: true, webauthn:extension:minPinLength: true, webauthn:extension:prf: true, webauthn:virtualAuthenticators: true}
Session ID: 6cff46dcff91a3082a525d3689abf871
	at java.base/jdk.internal.reflect.NativeConstructorAccessorImpl.newInstance0(Native Method)
	at java.base/jdk.internal.reflect.NativeConstructorAccessorImpl.newInstance(NativeConstructorAccessorImpl.java:77)
	at java.base/jdk.internal.reflect.DelegatingConstructorAccessorImpl.newInstance(DelegatingConstructorAccessorImpl.java:45)
	at java.base/java.lang.reflect.Constructor.newInstanceWithCaller(Constructor.java:499)
	at java.base/java.lang.reflect.Constructor.newInstance(Constructor.java:480)
	at org.openqa.selenium.remote.http.W3CHttpResponseCodec.createException(W3CHttpResponseCodec.java:187)
	at org.openqa.selenium.remote.http.W3CHttpResponseCodec.decode(W3CHttpResponseCodec.java:122)
	at org.openqa.selenium.remote.http.W3CHttpResponseCodec.decode(W3CHttpResponseCodec.java:49)
	at org.openqa.selenium.remote.HttpCommandExecutor.execute(HttpCommandExecutor.java:158)
	at org.openqa.selenium.remote.service.DriverCommandExecutor.execute(DriverCommandExecutor.java:83)
	at org.openqa.selenium.remote.RemoteWebDriver.execute(RemoteWebDriver.java:552)
	at org.openqa.selenium.remote.RemoteWebElement.execute(RemoteWebElement.java:285)
	at org.openqa.selenium.remote.RemoteWebElement.click(RemoteWebElement.java:84)
	at jdk.internal.reflect.GeneratedMethodAccessor66.invoke(Unknown Source)
	at java.base/jdk.internal.reflect.DelegatingMethodAccessorImpl.invoke(DelegatingMethodAccessorImpl.java:43)
	at java.base/java.lang.reflect.Method.invoke(Method.java:568)
	at org.openqa.selenium.support.pagefactory.internal.LocatingElementHandler.invoke(LocatingElementHandler.java:51)
	at jdk.proxy2/jdk.proxy2.$Proxy24.click(Unknown Source)
	at Pages.Registerpage.doRegisterUser(Registerpage.java:59)
	at Stefdefination.Register_SD.user_enter_the_all_required_field(Register_SD.java:66)
	at ✽.User enter the all required field(file:///C:/Users/vinot/eclipse-workspace/Cucumber-7-BookCart/src/test/resources/feature/RegisterUser.feature:28)
]]></failure>
    <system-out><![CDATA[
@Regression
Scenario: Verify user able to create new User with data table # src/test/resources/feature/RegisterUser.feature:25
***********Browser launched*****************
Chrome Browser launched
Naviagate to application
pageFactory method working
  Given User click on login link on header page               # Stefdefination.Login_SD.user_click_on_login_link_on_header_page()

    Embedding Screenshot for step [image/png 45449 bytes]

  And User click on register button in login page             # Stefdefination.Register_SD.user_click_on_register_button_in_login_page()

    Embedding Screenshot for step [image/png 62681 bytes]

  When User enter the all required field                      # Stefdefination.Register_SD.user_enter_the_all_required_field(io.cucumber.datatable.DataTable)
    | FirstName | LastName | UserName | Password   |
    | First01   | Last01   | first01  | Admin@1234 |
    | First02   | Last02   | first02  | Admin@1234 |
      org.openqa.selenium.ElementClickInterceptedException: element click intercepted: Element <span class="mat-radio-inner-circle" style="border:4px solid red"></span> is not clickable at point (584, 493). Other element would receive the click: <span class="mat-radio-outer-circle"></span>
  (Session info: chrome=120.0.6099.110)
Build info: version: '3.141.59', revision: 'e82be7d358', time: '2018-11-14T08:17:03'
System info: host: 'VINOTHKUMARG', ip: '192.168.1.7', os.name: 'Windows 11', os.arch: 'amd64', os.version: '10.0', java.version: '17.0.8'
Driver info: org.openqa.selenium.chrome.ChromeDriver
Capabilities {acceptInsecureCerts: false, browserName: chrome, browserVersion: 120.0.6099.110, chrome: {chromedriverVersion: 120.0.6099.109 (3419140ab66..., userDataDir: C:\Users\vinot\AppData\Loca...}, fedcm:accounts: true, goog:chromeOptions: {debuggerAddress: localhost:53361}, javascriptEnabled: true, networkConnectionEnabled: false, pageLoadStrategy: normal, platform: WINDOWS, platformName: WINDOWS, proxy: Proxy(), setWindowRect: true, strictFileInteractability: false, timeouts: {implicit: 0, pageLoad: 300000, script: 30000}, unhandledPromptBehavior: dismiss and notify, webauthn:extension:credBlob: true, webauthn:extension:largeBlob: true, webauthn:extension:minPinLength: true, webauthn:extension:prf: true, webauthn:virtualAuthenticators: true}
Session ID: 6cff46dcff91a3082a525d3689abf871
	at java.base/jdk.internal.reflect.NativeConstructorAccessorImpl.newInstance0(Native Method)
	at java.base/jdk.internal.reflect.NativeConstructorAccessorImpl.newInstance(NativeConstructorAccessorImpl.java:77)
	at java.base/jdk.internal.reflect.DelegatingConstructorAccessorImpl.newInstance(DelegatingConstructorAccessorImpl.java:45)
	at java.base/java.lang.reflect.Constructor.newInstanceWithCaller(Constructor.java:499)
	at java.base/java.lang.reflect.Constructor.newInstance(Constructor.java:480)
	at org.openqa.selenium.remote.http.W3CHttpResponseCodec.createException(W3CHttpResponseCodec.java:187)
	at org.openqa.selenium.remote.http.W3CHttpResponseCodec.decode(W3CHttpResponseCodec.java:122)
	at org.openqa.selenium.remote.http.W3CHttpResponseCodec.decode(W3CHttpResponseCodec.java:49)
	at org.openqa.selenium.remote.HttpCommandExecutor.execute(HttpCommandExecutor.java:158)
	at org.openqa.selenium.remote.service.DriverCommandExecutor.execute(DriverCommandExecutor.java:83)
	at org.openqa.selenium.remote.RemoteWebDriver.execute(RemoteWebDriver.java:552)
	at org.openqa.selenium.remote.RemoteWebElement.execute(RemoteWebElement.java:285)
	at org.openqa.selenium.remote.RemoteWebElement.click(RemoteWebElement.java:84)
	at jdk.internal.reflect.GeneratedMethodAccessor66.invoke(Unknown Source)
	at java.base/jdk.internal.reflect.DelegatingMethodAccessorImpl.invoke(DelegatingMethodAccessorImpl.java:43)
	at java.base/java.lang.reflect.Method.invoke(Method.java:568)
	at org.openqa.selenium.support.pagefactory.internal.LocatingElementHandler.invoke(LocatingElementHandler.java:51)
	at jdk.proxy2/jdk.proxy2.$Proxy24.click(Unknown Source)
	at Pages.Registerpage.doRegisterUser(Registerpage.java:59)
	at Stefdefination.Register_SD.user_enter_the_all_required_field(Register_SD.java:66)
	at âœ½.User enter the all required field(file:///C:/Users/vinot/eclipse-workspace/Cucumber-7-BookCart/src/test/resources/feature/RegisterUser.feature:28)


    Embedding Screenshot for step [image/png 67763 bytes]

  Then Verify user register successgully                      # Stefdefination.Register_SD.verify_user_register_successgully()
***********Browser closed*****************
]]></system-out>
    <system-err><![CDATA[Starting ChromeDriver 120.0.6099.109 (3419140ab665596f21b385ce136419fde0924272-refs/branch-heads/6099@{#1483}) on port 21313
Only local connections are allowed.
Please see https://chromedriver.chromium.org/security-considerations for suggestions on keeping ChromeDriver safe.
ChromeDriver was started successfully.
Dec 20, 2023 11:22:05 PM org.openqa.selenium.remote.ProtocolHandshake createSession
INFO: Detected dialect: W3C
]]></system-err>
  </testcase>
  <testcase name="runScenario[&quot;User able to search the book through the search bar&quot;, &quot;Verify search book functionality&quot;](8)" classname="Runner.TestRunner" time="3.49">
    <system-out><![CDATA[
@Regression
Scenario: User able to search the book through the search bar         # src/test/resources/feature/SearchBook.feature:4
***********Browser launched*****************
Chrome Browser launched
Naviagate to application
pageFactory method working
  Given User can search the book in header search bar                 # Stefdefination.SearchBook_SD.user_can_search_the_book_in_header_search_bar()

    Embedding Screenshot for step [image/png 230074 bytes]

  When User click on the top of image once search results on the page # Stefdefination.SearchBook_SD.user_click_on_the_top_of_image_once_search_results_on_the_page()

    Embedding Screenshot for step [image/png 232962 bytes]

  Then Verify book title in the book details page                     # Stefdefination.SearchBook_SD.verify_book_title_in_the_book_details_page()

    Embedding Screenshot for step [image/png 709720 bytes]

***********Browser closed*****************
]]></system-out>
    <system-err><![CDATA[Starting ChromeDriver 120.0.6099.109 (3419140ab665596f21b385ce136419fde0924272-refs/branch-heads/6099@{#1483}) on port 25271
Only local connections are allowed.
Please see https://chromedriver.chromium.org/security-considerations for suggestions on keeping ChromeDriver safe.
ChromeDriver was started successfully.
Dec 20, 2023 11:22:09 PM org.openqa.selenium.remote.ProtocolHandshake createSession
INFO: Detected dialect: W3C
]]></system-err>
  </testcase>
  <testcase name="runScenario[&quot;User can search the multiple books&quot;, &quot;Verify search book functionality&quot;](9)" classname="Runner.TestRunner" time="3.839">
    <system-out><![CDATA[
@Regression
Scenario Outline: User can search the multiple books                         # src/test/resources/feature/SearchBook.feature:16
***********Browser launched*****************
Chrome Browser launched
Naviagate to application
pageFactory method working
  Given User can search the "Wicked and the Wallflower" in header search bar # Stefdefination.SearchBook_SD.user_can_search_the_in_header_search_bar(java.lang.String)

    Embedding Screenshot for step [image/png 232350 bytes]

  When User click on the top of image once search results on the page        # Stefdefination.SearchBook_SD.user_click_on_the_top_of_image_once_search_results_on_the_page()

    Embedding Screenshot for step [image/png 236626 bytes]

  Then Verify "Wicked and the Wallflower" title in the book details page     # Stefdefination.SearchBook_SD.verify_title_in_the_book_details_page(java.lang.String)

    Embedding Screenshot for step [image/png 630488 bytes]

***********Browser closed*****************
]]></system-out>
    <system-err><![CDATA[Starting ChromeDriver 120.0.6099.109 (3419140ab665596f21b385ce136419fde0924272-refs/branch-heads/6099@{#1483}) on port 61066
Only local connections are allowed.
Please see https://chromedriver.chromium.org/security-considerations for suggestions on keeping ChromeDriver safe.
ChromeDriver was started successfully.
Dec 20, 2023 11:22:13 PM org.openqa.selenium.remote.ProtocolHandshake createSession
INFO: Detected dialect: W3C
]]></system-err>
  </testcase>
  <testcase name="runScenario[&quot;User can search the multiple books&quot;, &quot;Verify search book functionality&quot;](10)" classname="Runner.TestRunner" time="8.678">
    <system-out><![CDATA[
@Regression
Scenario Outline: User can search the multiple books                  # src/test/resources/feature/SearchBook.feature:17
***********Browser launched*****************
Chrome Browser launched
Naviagate to application
pageFactory method working
  Given User can search the "Mrs. Everything" in header search bar    # Stefdefination.SearchBook_SD.user_can_search_the_in_header_search_bar(java.lang.String)

    Embedding Screenshot for step [image/png 133337 bytes]

  When User click on the top of image once search results on the page # Stefdefination.SearchBook_SD.user_click_on_the_top_of_image_once_search_results_on_the_page()

    Embedding Screenshot for step [image/png 134463 bytes]

  Then Verify "Mrs. Everything" title in the book details page        # Stefdefination.SearchBook_SD.verify_title_in_the_book_details_page(java.lang.String)

    Embedding Screenshot for step [image/png 568857 bytes]

***********Browser closed*****************
]]></system-out>
    <system-err><![CDATA[Starting ChromeDriver 120.0.6099.109 (3419140ab665596f21b385ce136419fde0924272-refs/branch-heads/6099@{#1483}) on port 33439
Only local connections are allowed.
Please see https://chromedriver.chromium.org/security-considerations for suggestions on keeping ChromeDriver safe.
ChromeDriver was started successfully.
Dec 20, 2023 11:22:17 PM org.openqa.selenium.remote.ProtocolHandshake createSession
INFO: Detected dialect: W3C
]]></system-err>
  </testcase>
  <testcase name="runScenario[&quot;User can search the multiple books&quot;, &quot;Verify search book functionality&quot;](11)" classname="Runner.TestRunner" time="4.18">
    <system-out><![CDATA[
@Regression
Scenario Outline: User can search the multiple books                  # src/test/resources/feature/SearchBook.feature:18
***********Browser launched*****************
Chrome Browser launched
Naviagate to application
pageFactory method working
  Given User can search the "Magic for Liars" in header search bar    # Stefdefination.SearchBook_SD.user_can_search_the_in_header_search_bar(java.lang.String)

    Embedding Screenshot for step [image/png 219485 bytes]

  When User click on the top of image once search results on the page # Stefdefination.SearchBook_SD.user_click_on_the_top_of_image_once_search_results_on_the_page()

    Embedding Screenshot for step [image/png 227535 bytes]

  Then Verify "Magic for Liars" title in the book details page        # Stefdefination.SearchBook_SD.verify_title_in_the_book_details_page(java.lang.String)

    Embedding Screenshot for step [image/png 717139 bytes]

***********Browser closed*****************
]]></system-out>
    <system-err><![CDATA[Starting ChromeDriver 120.0.6099.109 (3419140ab665596f21b385ce136419fde0924272-refs/branch-heads/6099@{#1483}) on port 39387
Only local connections are allowed.
Please see https://chromedriver.chromium.org/security-considerations for suggestions on keeping ChromeDriver safe.
ChromeDriver was started successfully.
Dec 20, 2023 11:22:26 PM org.openqa.selenium.remote.ProtocolHandshake createSession
INFO: Detected dialect: W3C
]]></system-err>
  </testcase>
  <testcase name="runScenario[&quot;User can search the multiple books&quot;, &quot;Verify search book functionality&quot;](12)" classname="Runner.TestRunner" time="3.296">
    <system-out><![CDATA[
@Regression
Scenario Outline: User can search the multiple books                    # src/test/resources/feature/SearchBook.feature:19
***********Browser launched*****************
Chrome Browser launched
Naviagate to application
pageFactory method working
  Given User can search the "All of Us with Wings" in header search bar # Stefdefination.SearchBook_SD.user_can_search_the_in_header_search_bar(java.lang.String)

    Embedding Screenshot for step [image/png 230755 bytes]

  When User click on the top of image once search results on the page   # Stefdefination.SearchBook_SD.user_click_on_the_top_of_image_once_search_results_on_the_page()

    Embedding Screenshot for step [image/png 230955 bytes]

  Then Verify "All of Us with Wings" title in the book details page     # Stefdefination.SearchBook_SD.verify_title_in_the_book_details_page(java.lang.String)

    Embedding Screenshot for step [image/png 788626 bytes]

***********Browser closed*****************
]]></system-out>
    <system-err><![CDATA[Starting ChromeDriver 120.0.6099.109 (3419140ab665596f21b385ce136419fde0924272-refs/branch-heads/6099@{#1483}) on port 55015
Only local connections are allowed.
Please see https://chromedriver.chromium.org/security-considerations for suggestions on keeping ChromeDriver safe.
ChromeDriver was started successfully.
Dec 20, 2023 11:22:30 PM org.openqa.selenium.remote.ProtocolHandshake createSession
INFO: Detected dialect: W3C
]]></system-err>
  </testcase>
  <testcase name="runScenario[&quot;Verify login func with valid credential&quot;, &quot;Verify login functionality with all posible scenario&quot;](13)" classname="Runner.TestRunner" time="7.233">
    <system-out><![CDATA[
Scenario: Verify login func with valid credential                                           # src/test/resources/feature/login.feature:4
***********Browser launched*****************
Chrome Browser launched
Naviagate to application
pageFactory method working
  Given User click on login link on header page                                             # Stefdefination.Login_SD.user_click_on_login_link_on_header_page()

    Embedding Screenshot for step [image/png 45468 bytes]

  When Enter the username as "Vinoth01" and password as "Spring*123" and click login button # Stefdefination.Login_SD.enter_the_username_as_and_password_as_and_click_login_button(java.lang.String,java.lang.String)

    Embedding Screenshot for step [image/png 46313 bytes]

THEN: user login successfully
account_circle vinoth01 arrow_drop_down
  Then user login successfully                                                              # Stefdefination.Login_SD.user_login_successfully()

    Embedding Screenshot for step [image/png 1326877 bytes]

***********Browser closed*****************
]]></system-out>
    <system-err><![CDATA[Starting ChromeDriver 120.0.6099.109 (3419140ab665596f21b385ce136419fde0924272-refs/branch-heads/6099@{#1483}) on port 28541
Only local connections are allowed.
Please see https://chromedriver.chromium.org/security-considerations for suggestions on keeping ChromeDriver safe.
ChromeDriver was started successfully.
Dec 20, 2023 11:22:33 PM org.openqa.selenium.remote.ProtocolHandshake createSession
INFO: Detected dialect: W3C
]]></system-err>
  </testcase>
</testsuite>