<?xml version="1.0" encoding="UTF-8"?>
<!-- Generated by org.testng.reporters.JUnitReportReporter -->
<testsuite hostname="VinothKumarG" failures="0" tests="4" name="Runner.TestRunner" time="16.266" errors="1" timestamp="2023-12-16T22:22:29 IST" skipped="0">
  <testcase classname="Runner.TestRunner" name="runScenario" time="4.223"/>
  <testcase classname="Runner.TestRunner" name="runScenario" time="3.037"/>
  <testcase classname="Runner.TestRunner" name="runScenario" time="5.907">
    <error message="Index 0 out of bounds for length 0" type="java.lang.IndexOutOfBoundsException">
      <![CDATA[java.lang.IndexOutOfBoundsException: Index 0 out of bounds for length 0
at java.base/jdk.internal.util.Preconditions.outOfBounds(Preconditions.java:64)
at java.base/jdk.internal.util.Preconditions.outOfBoundsCheckIndex(Preconditions.java:70)
at java.base/jdk.internal.util.Preconditions.checkIndex(Preconditions.java:266)
at java.base/java.util.Objects.checkIndex(Objects.java:359)
at java.base/java.util.ArrayList.get(ArrayList.java:427)
at java.base/jdk.internal.reflect.NativeMethodAccessorImpl.invoke0(Native Method)
at java.base/jdk.internal.reflect.NativeMethodAccessorImpl.invoke(NativeMethodAccessorImpl.java:77)
at java.base/jdk.internal.reflect.DelegatingMethodAccessorImpl.invoke(DelegatingMethodAccessorImpl.java:43)
at java.base/java.lang.reflect.Method.invoke(Method.java:568)
at org.openqa.selenium.support.pagefactory.internal.LocatingElementListHandler.invoke(LocatingElementListHandler.java:39)
at jdk.proxy2/jdk.proxy2.$Proxy28.get(Unknown Source)
at Pages.Headerpage.doGlobalSearch(Headerpage.java:49)
at Stefdefination.SearchBook_SD.user_can_search_the_book_as_in_header_search_bar(SearchBook_SD.java:59)
at ✽.User can search the book as "The Simple Wild" in header search bar(file:///C:/Users/vinot/eclipse-workspace/Cucumber-7-BookCart/src/test/resources/PF_Feature/AddToCart.feature:4)
]]>
    </error>
  </testcase> <!-- runScenario -->
  <testcase classname="Runner.TestRunner" name="runScenario" time="3.099"/>
</testsuite> <!-- Runner.TestRunner -->
